[info] AxisOS Xen XKA v0.32-alpha1 starting...
[info] Copyright (C) 2025 AxisOS
[none] 
[info] Kernel entering initialization sequence (Ring 0).
[ok] Object Manager initialised.  Namespace: \, \Device, \DosDevices
[ok] sMLTR (Synapse Message Layer Token Randomisation) active.
[ok] Virtual Registry (@VT) initialised.
[ok] Preemptive scheduler active  (quantum=50ms, interval=256, no debug hooks)
[info] [IPC] Kernel IPC subsystem initialized
[info] [IPC]   IRQL, DPC, Timers, Events, Mutexes, Semaphores
[info] [IPC]   Pipes, Shared Memory, Message Queues, Signals
[info] [IPC]   WaitForMultipleObjects, Process Groups
[ok] Kernel IPC subsystem online (Events, Mutexes, Semaphores,
[ok]   Pipes, Sections, MQueues, Signals, WaitMultiple, DPC, IRQL)
[info] Reading fstab from /etc/fstab.lua...
[ok] Mounted root filesystem on 8d390d50-4bc9...
[ok] Mounted root filesystem on 8d390d50-4bc9...
[ok] Kernel process registered as PID 1
[info] Starting Ring 1 services...
[info] Creating process 2 ('/lib/pipeline_manager.lua') at Ring 1
[ok] Ring 1 Pipeline Manager started as PID 2
[info] Handing off control to scheduler...
[ok] Entering main event loop. Kernel is now running.
[none] 
[info] [PM] Ring 1 Pipeline Manager started.
[info] Creating process 3 ('/system/dkms.lua') at Ring 1
[info] [PM] DKMS process started as PID 3
[info] [PM] Loading TTY Driver explicitly...
[info] [PM] Scanning components...
[info] [PM] Loading driver for filesystem
[info] [PM] Loading driver for filesystem
[info] [PM] Loading driver for data
[info] [PM] Loading driver for internet
[info] [PM] Loading driver for filesystem
[info] [PM] Loading driver for eeprom
[info] [PM] Loading driver for computer
[info] [PM] Processing fstab...
[info] [DKMS] Ring 1 Driver Manager starting.
[info] [DKMS] Ring 1 Driver Manager starting.
[info] [SEC] ── Security Subsystem Init ──
[info] [SEC] [1/3] Crypto provider...
[info] [SEC] [1/3] Data Card Tier 3
[info] [SEC] [2/3] Security policy...
[info] [SEC] [2/3] Level 1 (WARN)
[info] [SEC] [3/3] Key store...
[info] [SEC] [3/3] 0 approved key(s)
[info] [SEC] ── Ready in 1ms ──
[info] [DKMS] Loading: /drivers/tty.sys.lua
[info] [SEC] WARN: Loading UNSIGNED driver
[info] Creating process 4 ('/drivers/tty.sys.lua') at Ring 2
[info] [DKMS] Device '\Device\TTY0' created.
[info] [DKMS] Registered in @VT\DEV\VIRT_001
[info] [DKMS] Symlink '/dev/tty' -> '\Device\TTY0' created.
[info] [DKMS] PID 4 registered for interrupt 'key_down'
[info] [DKMS] PID 4 registered for interrupt 'scroll'
[info] [DKMS] PID 4 registered for interrupt 'clipboard'
[info] [DKMS] Loaded 'AxisTTY' (PID 4)
[info] [DKMS] Loading: /drivers/filesystem.sys.lua
[info] [SEC] WARN: Loading UNSIGNED driver
[info] Creating process 5 ('/drivers/filesystem.sys.lua') at Ring 2
[info] [DKMS] Loaded 'AxisFSStub' (PID 5)
[info] [DKMS] Loading: /drivers/filesystem.sys.lua
[info] [SEC] WARN: Loading UNSIGNED driver
[info] Creating process 6 ('/drivers/filesystem.sys.lua') at Ring 2
[info] [DKMS] Loaded 'AxisFSStub' (PID 6)
[info] [DKMS] Loading: /drivers/data.sys.lua
[info] [DKMS] Loading: /drivers/internet.sys.lua
[info] [SEC] WARN: Loading UNSIGNED driver
[info] Creating process 7 ('/drivers/internet.sys.lua') at Ring 2
[info] [DKMS] Device '\Device\Net0' created.
[info] [DKMS] Registered in @VT\DEV\VIRT_002
[info] [DKMS] Symlink '/dev/net' -> '\Device\Net0' created.
[info] [DKMS] Loaded 'AxisNet' (PID 7)
[info] [DKMS] Loading: /drivers/filesystem.sys.lua
[info] [SEC] WARN: Loading UNSIGNED driver
[info] Creating process 8 ('/drivers/filesystem.sys.lua') at Ring 2
[info] [DKMS] Loaded 'AxisFSStub' (PID 8)
[info] [DKMS] Loading: /drivers/eeprom.sys.lua
[info] [SEC] WARN: Loading UNSIGNED driver
[info] Creating process 9 ('/drivers/eeprom.sys.lua') at Ring 2
[info] [DKMS] Loaded 'AxisEEPROMStub' (PID 9)
[info] [DKMS] Loading: /drivers/computer.sys.lua
[info] [SEC] WARN: Loading UNSIGNED driver
[info] Creating process 10 ('/drivers/computer.sys.lua') at Ring 2
[info] [DKMS] Loaded 'AxisComputerStub' (PID 10)
[info] [DD] Error: No device object for '/dev/ringlog' (original: /dev/ringlog')
[info] [PM] Loading RingFS driver...
[info] [DKMS] Loading: /drivers/ringfs.sys.lua
[info] [SEC] WARN: Loading UNSIGNED driver
[info] Creating process 11 ('/drivers/ringfs.sys.lua') at Ring 2
[info] [DKMS] Device '\Device\ringlog' created.
[info] [DKMS] Registered in @VT\DEV\VIRT_003
[info] [DKMS] Symlink '/dev/ringlog' -> '\Device\ringlog' created.
[info] [DKMS] Loaded 'AxisRingFS' (PID 11)
[info] [PM] Initializing log system on /dev/ringlog
[info] [PM] Log rotate: deleted /log/syslog_001.log
[info] [PM] Log rotate: deleted /vbl/syslog_001.vbl
[info] [PM] Log rotation active:
[info] [PM]   .log -> /log/syslog_006.log
[info] [PM]   .vbl -> /vbl/syslog_006.vbl
[info] [PM] Ringfs handle opened (persistent).
[info] [PM] Log system initialized.
[info] [PM] Processing autoload...
[info] [PM] Autoloading: /drivers/internet.sys.lua
[info] [PM] Waiting for system stabilization...
[info] [DKMS] Loading: /drivers/internet.sys.lua
[info] [SEC] WARN: Loading UNSIGNED driver
[info] Creating process 12 ('/drivers/internet.sys.lua') at Ring 2
[info] [DKMS] Err: DriverEntry failed: 406
[info] [PM] Populating @VT\SYS...
[info] [PM] Silence on deck. Handing off to userspace.
[info] [PM] Spawning /bin/init.lua...
[info] Creating process 13 ('/bin/init.lua') at Ring 3
[info] [PM] Init spawned as PID 13
[info] Creating process 14 ('/bin/sh.lua') at Ring 3
[fail] SYNTAX ERROR in /bin/sh.lua: /bin/sh.lua:616: <goto pipe_continue> at line 518 jumps into the scope of local 'cmd'
