=== LOG SESSION START ===
[   3.5000] [ INFO ] PID=0   AxisOS Xen XKA v0.5 starting...
[   3.5000] [ INFO ] PID=0   Copyright (C) 2026 AxisOS
[   3.5000]           PID=0   
[   3.5000] [ INFO ] PID=0   Kernel entering initialization sequence (Ring 0).
[   3.5500] [  OK  ] PID=0   Object Manager initialised.  Namespace: \, \Device, \DosDevices
[   3.5500] [  OK  ] PID=0   sMLTR (Synapse Message Layer Token Randomisation) active.
[   3.6000] [  OK  ] PID=0   Virtual Registry (@VT) initialised.
[   3.6500] [  OK  ] PID=0   Preemptive scheduler active  (quantum=50ms, interval=128, no debug hooks)
[   3.8000] [ INFO ] PID=0   [IPC] Kernel IPC subsystem initialized
[   3.8000] [ INFO ] PID=0   [IPC]   IRQL, DPC, Timers, Events, Mutexes, Semaphores
[   3.8000] [ INFO ] PID=0   [IPC]   Pipes, Shared Memory, Message Queues, Signals
[   3.8000] [ INFO ] PID=0   [IPC]   WaitForMultipleObjects, Process Groups
[   3.8000] [  OK  ] PID=0   Kernel IPC subsystem online (Events, Mutexes, Semaphores,
[   3.8000] [  OK  ] PID=0     Pipes, Sections, MQueues, Signals, WaitMultiple, DPC, IRQL)
[   3.8000] [ INFO ] PID=0   Reading fstab from /etc/fstab.lua...
[   3.8500] [  OK  ] PID=0   Mounted root filesystem on b40e1090-01ba...
[   3.8500] [  OK  ] PID=0   Mounted root filesystem on b40e1090-01ba...
[   3.8500] [  OK  ] PID=1   Kernel process registered as PID 1
[   3.8500] [ INFO ] PID=1   Starting Ring 1 services...
[   3.8500] [ INFO ] PID=1   Creating process 2 ('/lib/pipeline_manager.lua') at Ring 1
[   3.8500] [ PROC ] PID=1   spawn image=/lib/pipeline_manager.lua parent=1 pid=2 ring=1
[   4.0000] [  OK  ] PID=1   Ring 1 Pipeline Manager started as PID 2
[   4.0000] [ INFO ] PID=1   Handing off control to scheduler...
[   4.0000] [  OK  ] PID=1   Entering main event loop. Kernel is now running.
[   4.0000]           PID=1   
[   4.0000] [ INFO ] PID=2   [PM] Ring 1 Pipeline Manager started.
[   4.0000] [ INFO ] PID=2   Creating process 3 ('/system/dkms.lua') at Ring 1
[   4.0000] [ PROC ] PID=2   spawn image=/system/dkms.lua parent=2 pid=3 ring=1
[   4.1000] [ INFO ] PID=2   [PM] DKMS process started as PID 3
[   4.1000] [ INFO ] PID=2   [PM] Loading TTY Driver explicitly...
[   4.1000] [ INFO ] PID=2   [PM] Scanning components...
[   4.1000] [ INFO ] PID=2   [PM] Loading driver for data
[   4.1000] [ INFO ] PID=2   [PM] Loading driver for internet
[   4.1000] [ INFO ] PID=2   [PM] Loading driver for filesystem
[   4.1000] [ INFO ] PID=2   [PM] Loading driver for computer
[   4.1000] [ INFO ] PID=2   [PM] Loading driver for filesystem
[   4.1000] [ INFO ] PID=2   [PM] Loading driver for filesystem
[   4.1000] [ INFO ] PID=2   [PM] Loading driver for eeprom
[   4.1000] [ INFO ] PID=2   [PM] Processing fstab...
[   4.3500] [ INFO ] PID=3   [DKMS] Ring 1 Driver Manager starting.
[   4.3500] [ INFO ] PID=3   [DKMS] Ring 1 Driver Manager starting.
[   4.3500] [ INFO ] PID=3   [SEC] ── Security Subsystem Init ──
[   4.3500] [ INFO ] PID=3   [SEC] [1/3] Crypto provider...
[   4.4000] [ INFO ] PID=3   [SEC] [1/3] Data Card Tier 3
[   4.4000] [ INFO ] PID=3   [SEC] [2/3] Security policy...
[   4.4500] [ INFO ] PID=3   [SEC] [2/3] Level 1 (WARN)
[   4.4500] [ INFO ] PID=3   [SEC] [3/3] Key store...
[   4.4500] [ INFO ] PID=3   [SEC] [3/3] 0 approved key(s)
[   4.4500] [ INFO ] PID=3   [SEC] ── Ready in 1ms ──
[   4.4500] [ INFO ] PID=3   [DKMS] Loading: /drivers/tty.sys.lua
[   4.7500] [ INFO ] PID=3   [SEC] WARN: Loading UNSIGNED driver
[   4.8500] [ INFO ] PID=3   Creating process 4 ('/drivers/tty.sys.lua') at Ring 2
[   4.8500] [ PROC ] PID=3   spawn image=/drivers/tty.sys.lua parent=3 pid=4 ring=2
[   5.0500] [ INFO ] PID=3   [DKMS] Device '\Device\TTY0' created.
[   5.0500] [ INFO ] PID=3   [DKMS] Registered in @VT\DEV\VIRT_001
[   5.0500] [ INFO ] PID=3   [DKMS] Symlink '/dev/tty' -> '\Device\TTY0' created.
[   5.1000] [ INFO ] PID=3   [DKMS] PID 4 registered for interrupt 'key_down'
[   5.1000] [ INFO ] PID=3   [DKMS] PID 4 registered for interrupt 'scroll'
[   5.1000] [ INFO ] PID=3   [DKMS] PID 4 registered for interrupt 'clipboard'
[   5.1000] [ INFO ] PID=3   [DKMS] PID 4 registered for interrupt 'touch'
[   5.1000] [ INFO ] PID=3   [DKMS] PID 4 registered for interrupt 'drag'
[   5.1000] [ INFO ] PID=3   [DKMS] Loaded 'AxisTTY' (PID 4)
[   5.1000] [ INFO ] PID=3   [DKMS] Loading: /drivers/data.sys.lua
[   5.1000] [ INFO ] PID=3   [DKMS] Loading: /drivers/internet.sys.lua
[   5.2500] [ INFO ] PID=3   [SEC] WARN: Loading UNSIGNED driver
[   5.2500] [ INFO ] PID=3   Creating process 5 ('/drivers/internet.sys.lua') at Ring 2
[   5.2500] [ PROC ] PID=3   spawn image=/drivers/internet.sys.lua parent=3 pid=5 ring=2
[   5.3500] [ INFO ] PID=3   [DKMS] Device '\Device\Net0' created.
[   5.3500] [ INFO ] PID=3   [DKMS] Registered in @VT\DEV\VIRT_002
[   5.3500] [ INFO ] PID=3   [DKMS] Symlink '/dev/net' -> '\Device\Net0' created.
[   5.3500] [ INFO ] PID=3   [DKMS] Loaded 'AxisNet' (PID 5)
[   5.3500] [ INFO ] PID=3   [DKMS] Loading: /drivers/filesystem.sys.lua
[   5.4000] [ INFO ] PID=3   [SEC] WARN: Loading UNSIGNED driver
[   5.4000] [ INFO ] PID=3   Creating process 6 ('/drivers/filesystem.sys.lua') at Ring 2
[   5.4000] [ PROC ] PID=3   spawn image=/drivers/filesystem.sys.lua parent=3 pid=6 ring=2
[   5.4000] [ INFO ] PID=3   [DKMS] Loaded 'AxisFSStub' (PID 6)
[   5.4000] [ INFO ] PID=3   [DKMS] Loading: /drivers/computer.sys.lua
[   5.4500] [ INFO ] PID=3   [SEC] WARN: Loading UNSIGNED driver
[   5.4500] [ INFO ] PID=3   Creating process 7 ('/drivers/computer.sys.lua') at Ring 2
[   5.4500] [ PROC ] PID=3   spawn image=/drivers/computer.sys.lua parent=3 pid=7 ring=2
[   5.4500] [ INFO ] PID=3   [DKMS] Loaded 'AxisComputerStub' (PID 7)
[   5.4500] [ INFO ] PID=3   [DKMS] Loading: /drivers/filesystem.sys.lua
[   5.5000] [ INFO ] PID=3   [SEC] WARN: Loading UNSIGNED driver
[   5.5000] [ INFO ] PID=3   Creating process 8 ('/drivers/filesystem.sys.lua') at Ring 2
[   5.5000] [ PROC ] PID=3   spawn image=/drivers/filesystem.sys.lua parent=3 pid=8 ring=2
[   5.5500] [ INFO ] PID=3   [DKMS] Loaded 'AxisFSStub' (PID 8)
[   5.5500] [ INFO ] PID=3   [DKMS] Loading: /drivers/filesystem.sys.lua
[   5.5500] [ INFO ] PID=3   [SEC] WARN: Loading UNSIGNED driver
[   5.5500] [ INFO ] PID=3   Creating process 9 ('/drivers/filesystem.sys.lua') at Ring 2
[   5.5500] [ PROC ] PID=3   spawn image=/drivers/filesystem.sys.lua parent=3 pid=9 ring=2
[   5.6000] [ INFO ] PID=3   [DKMS] Loaded 'AxisFSStub' (PID 9)
[   5.6000] [ INFO ] PID=3   [DKMS] Loading: /drivers/eeprom.sys.lua
[   5.6000] [ INFO ] PID=3   [SEC] WARN: Loading UNSIGNED driver
[   5.6000] [ INFO ] PID=3   Creating process 10 ('/drivers/eeprom.sys.lua') at Ring 2
[   5.6000] [ PROC ] PID=3   spawn image=/drivers/eeprom.sys.lua parent=3 pid=10 ring=2
[   5.6500] [ INFO ] PID=3   [DKMS] Loaded 'AxisEEPROMStub' (PID 10)
[   5.6500] [ INFO ] PID=3   [DD] Error: No device object for '/dev/ringlog' (original: /dev/ringlog')
[   5.6500] [ INFO ] PID=2   [PM] Loading RingFS driver...
[   5.6500] [ INFO ] PID=3   [DKMS] Loading: /drivers/ringfs.sys.lua
[   5.7000] [ INFO ] PID=3   [SEC] WARN: Loading UNSIGNED driver
[   5.7000] [ INFO ] PID=3   Creating process 11 ('/drivers/ringfs.sys.lua') at Ring 2
[   5.7000] [ PROC ] PID=3   spawn image=/drivers/ringfs.sys.lua parent=3 pid=11 ring=2
[   5.7500] [ INFO ] PID=3   [DKMS] Device '\Device\ringlog' created.
[   5.7500] [ INFO ] PID=3   [DKMS] Registered in @VT\DEV\VIRT_003
[   5.7500] [ INFO ] PID=3   [DKMS] Symlink '/dev/ringlog' -> '\Device\ringlog' created.
[   5.7500] [ INFO ] PID=3   [DKMS] Loaded 'AxisRingFS' (PID 11)
[   5.7500] [ INFO ] PID=2   [PM] Initializing log system on /dev/ringlog
[   5.9500] [ INFO ] PID=2   [PM] Log rotation active:
[   5.9500] [ INFO ] PID=2   [PM] .log test write: true true nil
[   5.9500] [ INFO ] PID=2   [PM] .vbl test write: true true nil
[   5.9500] [ INFO ] PID=2   [PM] Ringfs handle opened (persistent).
[   6.0000] [ INFO ] PID=2   [PM] Log system initialized.
[   6.0000] [ INFO ] PID=2   [PM] Processing driver autoload...
[   6.0000] [ INFO ] PID=2   [PM] loader.cfg → drivers_cfg = /boot/sys/drivers.cfg
[   6.0000] [ INFO ] PID=2   [PM] Loaded /boot/sys/drivers.cfg (1 entries)
[   6.0500] [ INFO ] PID=2   [PM] Drivers: 1 enabled, 0 disabled
[   6.0500] [ INFO ] PID=2   [PM] FAIL: 'RBMK' — file not found: /sys/drivers/hbm_rbmk.syss.lua
[   6.0500] [ INFO ] PID=2   [PM] Autoload complete: 0 loaded, 1 failed, 0 disabled
[   6.1000] [ INFO ] PID=2   [PM] Waiting for system stabilization...
[   7.1000] [ INFO ] PID=2   [PM] Populating @VT\SYS...
[   7.1000] [ INFO ] PID=2   [PM] Silence on deck. Handing off to userspace.
[   7.1000] [ INFO ] PID=2   [PM] Spawning /bin/init.lua...
[   7.1000] [ INFO ] PID=2   Creating process 12 ('/bin/init.lua') at Ring 3
[   7.1000] [ PROC ] PID=2   spawn image=/bin/init.lua parent=2 pid=12 ring=3
[   7.1000] [ INFO ] PID=2   [PM] Init spawned as PID 12
[   7.2000] [ INFO ] PID=2   [PM] ACCESS DENIED: PID 12 (UID 1000) tried to r /etc/passwd.lua
[   8.3000] [ INFO ] PID=12  Creating process 13 ('/bin/sh.lua') at Ring 3
[   8.3000] [ PROC ] PID=12  spawn image=/bin/sh.lua parent=12 pid=13 ring=3
